2024-03-15T17:36:29.916+09:00  INFO 10340 --- [ch08] [restartedMain] kr.co.ch08.Ch08Application               : Starting Ch08Application using Java 17.0.9 with PID 10340 (C:\Users\java\Desktop\workspace\Spring\ch08\build\classes\java\main started by java in C:\Users\java\Desktop\workspace\Spring\ch08)
2024-03-15T17:36:29.919+09:00  INFO 10340 --- [ch08] [restartedMain] kr.co.ch08.Ch08Application               : No active profile set, falling back to 1 default profile: "default"
2024-03-15T17:36:29.943+09:00  INFO 10340 --- [ch08] [restartedMain] .e.DevToolsPropertyDefaultsPostProcessor : Devtools property defaults active! Set 'spring.devtools.add-properties' to 'false' to disable
2024-03-15T17:36:29.943+09:00  INFO 10340 --- [ch08] [restartedMain] .e.DevToolsPropertyDefaultsPostProcessor : For additional web related logging consider setting the 'logging.level.web' property to 'DEBUG'
2024-03-15T17:36:30.301+09:00  INFO 10340 --- [ch08] [restartedMain] .s.d.r.c.RepositoryConfigurationDelegate : Bootstrapping Spring Data JPA repositories in DEFAULT mode.
2024-03-15T17:36:30.326+09:00  INFO 10340 --- [ch08] [restartedMain] .s.d.r.c.RepositoryConfigurationDelegate : Finished Spring Data repository scanning in 20 ms. Found 1 JPA repository interface.
2024-03-15T17:36:30.390+09:00  WARN 10340 --- [ch08] [restartedMain] o.m.s.mapper.ClassPathMapperScanner      : No MyBatis mapper was found in '[kr.co.ch08]' package. Please check your configuration.
2024-03-15T17:36:30.607+09:00  INFO 10340 --- [ch08] [restartedMain] o.s.b.w.embedded.tomcat.TomcatWebServer  : Tomcat initialized with port 8080 (http)
2024-03-15T17:36:30.613+09:00  INFO 10340 --- [ch08] [restartedMain] o.apache.catalina.core.StandardService   : Starting service [Tomcat]
2024-03-15T17:36:30.613+09:00  INFO 10340 --- [ch08] [restartedMain] o.apache.catalina.core.StandardEngine    : Starting Servlet engine: [Apache Tomcat/10.1.19]
2024-03-15T17:36:30.637+09:00  INFO 10340 --- [ch08] [restartedMain] o.a.c.c.C.[Tomcat].[localhost].[/ch08]   : Initializing Spring embedded WebApplicationContext
2024-03-15T17:36:30.637+09:00  INFO 10340 --- [ch08] [restartedMain] w.s.c.ServletWebServerApplicationContext : Root WebApplicationContext: initialization completed in 693 ms
2024-03-15T17:36:30.715+09:00  INFO 10340 --- [ch08] [restartedMain] o.hibernate.jpa.internal.util.LogHelper  : HHH000204: Processing PersistenceUnitInfo [name: default]
2024-03-15T17:36:30.740+09:00  INFO 10340 --- [ch08] [restartedMain] org.hibernate.Version                    : HHH000412: Hibernate ORM core version 6.4.4.Final
2024-03-15T17:36:30.756+09:00  INFO 10340 --- [ch08] [restartedMain] o.h.c.internal.RegionFactoryInitiator    : HHH000026: Second-level cache disabled
2024-03-15T17:36:30.875+09:00  INFO 10340 --- [ch08] [restartedMain] o.s.o.j.p.SpringPersistenceUnitInfo      : No LoadTimeWeaver setup: ignoring JPA class transformer
2024-03-15T17:36:30.888+09:00  INFO 10340 --- [ch08] [restartedMain] com.zaxxer.hikari.HikariDataSource       : HikariPool-1 - Starting...
2024-03-15T17:36:31.023+09:00  INFO 10340 --- [ch08] [restartedMain] com.zaxxer.hikari.pool.HikariPool        : HikariPool-1 - Added connection com.mysql.cj.jdbc.ConnectionImpl@59ebfd46
2024-03-15T17:36:31.024+09:00  INFO 10340 --- [ch08] [restartedMain] com.zaxxer.hikari.HikariDataSource       : HikariPool-1 - Start completed.
2024-03-15T17:36:31.049+09:00  WARN 10340 --- [ch08] [restartedMain] org.hibernate.orm.deprecation            : HHH90000025: MySQLDialect does not need to be specified explicitly using 'hibernate.dialect' (remove the property setting and it will be selected by default)
2024-03-15T17:36:31.465+09:00  INFO 10340 --- [ch08] [restartedMain] o.h.e.t.j.p.i.JtaPlatformInitiator       : HHH000489: No JTA platform available (set 'hibernate.transaction.jta.platform' to enable JTA platform integration)
2024-03-15T17:36:31.487+09:00  INFO 10340 --- [ch08] [restartedMain] j.LocalContainerEntityManagerFactoryBean : Initialized JPA EntityManagerFactory for persistence unit 'default'
2024-03-15T17:36:31.639+09:00  WARN 10340 --- [ch08] [restartedMain] JpaBaseConfiguration$JpaWebConfiguration : spring.jpa.open-in-view is enabled by default. Therefore, database queries may be performed during view rendering. Explicitly configure spring.jpa.open-in-view to disable this warning
2024-03-15T17:36:31.705+09:00  INFO 10340 --- [ch08] [restartedMain] o.s.b.a.w.s.WelcomePageHandlerMapping    : Adding welcome page template: index
2024-03-15T17:36:31.778+09:00  INFO 10340 --- [ch08] [restartedMain] o.s.s.web.DefaultSecurityFilterChain     : Will secure any request with [org.springframework.security.web.session.DisableEncodeUrlFilter@783af4a2, org.springframework.security.web.context.request.async.WebAsyncManagerIntegrationFilter@602db3b7, org.springframework.security.web.context.SecurityContextHolderFilter@77d6ff7e, org.springframework.security.web.header.HeaderWriterFilter@1ae2c16c, org.springframework.web.filter.CorsFilter@3243b795, org.springframework.security.web.authentication.logout.LogoutFilter@357a8a2c, org.springframework.security.web.authentication.UsernamePasswordAuthenticationFilter@140978b6, org.springframework.security.web.savedrequest.RequestCacheAwareFilter@47e042fe, org.springframework.security.web.servletapi.SecurityContextHolderAwareRequestFilter@2a830365, org.springframework.security.web.authentication.AnonymousAuthenticationFilter@73376542, org.springframework.security.web.access.ExceptionTranslationFilter@264ce1f5, org.springframework.security.web.access.intercept.AuthorizationFilter@13f16fd5]
2024-03-15T17:36:31.924+09:00  INFO 10340 --- [ch08] [restartedMain] o.s.b.d.a.OptionalLiveReloadServer       : LiveReload server is running on port 35729
2024-03-15T17:36:31.945+09:00  INFO 10340 --- [ch08] [restartedMain] o.s.b.w.embedded.tomcat.TomcatWebServer  : Tomcat started on port 8080 (http) with context path '/ch08'
2024-03-15T17:36:31.949+09:00  INFO 10340 --- [ch08] [restartedMain] kr.co.ch08.Ch08Application               : Started Ch08Application in 2.222 seconds (process running for 2.479)
2024-03-15T17:36:45.238+09:00  INFO 10340 --- [ch08] [http-nio-8080-exec-5] o.a.c.c.C.[Tomcat].[localhost].[/ch08]   : Initializing Spring DispatcherServlet 'dispatcherServlet'
2024-03-15T17:36:45.239+09:00  INFO 10340 --- [ch08] [http-nio-8080-exec-5] o.s.web.servlet.DispatcherServlet        : Initializing Servlet 'dispatcherServlet'
2024-03-15T17:36:45.240+09:00  INFO 10340 --- [ch08] [http-nio-8080-exec-5] o.s.web.servlet.DispatcherServlet        : Completed initialization in 1 ms
2024-03-15T17:36:54.479+09:00  INFO 10340 --- [ch08] [http-nio-8080-exec-2] kr.co.ch08.controller.User1Controller    : login-Get
2024-03-15T17:36:59.032+09:00  INFO 10340 --- [ch08] [http-nio-8080-exec-4] k.co.ch08.security.SecurityUserService   : MyUserDetails(user=User(uid=qqq111, pass=$2a$10$q3zPJ1oTbzHGsHS2vo4fNe.Z98Oq/NRUIwkcDxDqyVuIcCAocZAhu, name=홍길동, age=3, hp=010, role=ADMIN, regDate=2024-03-13T11:32:11.823870))
2024-03-15T17:36:59.108+09:00  INFO 10340 --- [ch08] [http-nio-8080-exec-3] kr.co.ch08.controller.User1Controller    : success-Get
2024-03-15T17:37:06.657+09:00  INFO 10340 --- [ch08] [http-nio-8080-exec-9] kr.co.ch08.controller.MainController     : adminIndex - get
2024-03-15T17:38:17.922+09:00  INFO 10340 --- [ch08] [File Watcher] rtingClassPathChangeChangedEventListener : Restarting due to 4 class path changes (0 additions, 0 deletions, 4 modifications)
2024-03-15T17:38:17.934+09:00  INFO 10340 --- [ch08] [Thread-5] j.LocalContainerEntityManagerFactoryBean : Closing JPA EntityManagerFactory for persistence unit 'default'
2024-03-15T17:38:17.937+09:00  INFO 10340 --- [ch08] [Thread-5] com.zaxxer.hikari.HikariDataSource       : HikariPool-1 - Shutdown initiated...
2024-03-15T17:38:17.944+09:00  INFO 10340 --- [ch08] [Thread-5] com.zaxxer.hikari.HikariDataSource       : HikariPool-1 - Shutdown completed.
2024-03-15T17:38:18.006+09:00  INFO 10340 --- [ch08] [restartedMain] kr.co.ch08.Ch08Application               : Starting Ch08Application using Java 17.0.9 with PID 10340 (C:\Users\java\Desktop\workspace\Spring\ch08\build\classes\java\main started by java in C:\Users\java\Desktop\workspace\Spring\ch08)
2024-03-15T17:38:18.006+09:00  INFO 10340 --- [ch08] [restartedMain] kr.co.ch08.Ch08Application               : No active profile set, falling back to 1 default profile: "default"
2024-03-15T17:38:18.099+09:00  INFO 10340 --- [ch08] [restartedMain] .s.d.r.c.RepositoryConfigurationDelegate : Bootstrapping Spring Data JPA repositories in DEFAULT mode.
2024-03-15T17:38:18.102+09:00  INFO 10340 --- [ch08] [restartedMain] .s.d.r.c.RepositoryConfigurationDelegate : Finished Spring Data repository scanning in 3 ms. Found 1 JPA repository interface.
2024-03-15T17:38:18.122+09:00  WARN 10340 --- [ch08] [restartedMain] o.m.s.mapper.ClassPathMapperScanner      : No MyBatis mapper was found in '[kr.co.ch08]' package. Please check your configuration.
2024-03-15T17:38:18.147+09:00  INFO 10340 --- [ch08] [restartedMain] o.s.b.w.embedded.tomcat.TomcatWebServer  : Tomcat initialized with port 8080 (http)
2024-03-15T17:38:18.148+09:00  INFO 10340 --- [ch08] [restartedMain] o.apache.catalina.core.StandardService   : Starting service [Tomcat]
2024-03-15T17:38:18.148+09:00  INFO 10340 --- [ch08] [restartedMain] o.apache.catalina.core.StandardEngine    : Starting Servlet engine: [Apache Tomcat/10.1.19]
2024-03-15T17:38:18.155+09:00  INFO 10340 --- [ch08] [restartedMain] o.a.c.c.C.[Tomcat].[localhost].[/ch08]   : Initializing Spring embedded WebApplicationContext
2024-03-15T17:38:18.155+09:00  INFO 10340 --- [ch08] [restartedMain] w.s.c.ServletWebServerApplicationContext : Root WebApplicationContext: initialization completed in 148 ms
2024-03-15T17:38:18.161+09:00 ERROR 10340 --- [ch08] [restartedMain] o.a.catalina.session.StandardManager     : Exception loading sessions from persistent storage

java.io.InvalidClassException: kr.co.ch08.security.MyUserDetails; local class incompatible: stream classdesc serialVersionUID = 4402846595241710300, local class serialVersionUID = -6085346977496512837
	at java.base/java.io.ObjectStreamClass.initNonProxy(ObjectStreamClass.java:601) ~[na:na]
	at java.base/java.io.ObjectInputStream.readNonProxyDesc(ObjectInputStream.java:2062) ~[na:na]
	at java.base/java.io.ObjectInputStream.readClassDesc(ObjectInputStream.java:1909) ~[na:na]
	at java.base/java.io.ObjectInputStream.readOrdinaryObject(ObjectInputStream.java:2235) ~[na:na]
	at java.base/java.io.ObjectInputStream.readObject0(ObjectInputStream.java:1744) ~[na:na]
	at java.base/java.io.ObjectInputStream$FieldValues.<init>(ObjectInputStream.java:2617) ~[na:na]
	at java.base/java.io.ObjectInputStream.readSerialData(ObjectInputStream.java:2468) ~[na:na]
	at java.base/java.io.ObjectInputStream.readOrdinaryObject(ObjectInputStream.java:2268) ~[na:na]
	at java.base/java.io.ObjectInputStream.readObject0(ObjectInputStream.java:1744) ~[na:na]
	at java.base/java.io.ObjectInputStream$FieldValues.<init>(ObjectInputStream.java:2617) ~[na:na]
	at java.base/java.io.ObjectInputStream.readSerialData(ObjectInputStream.java:2468) ~[na:na]
	at java.base/java.io.ObjectInputStream.readOrdinaryObject(ObjectInputStream.java:2268) ~[na:na]
	at java.base/java.io.ObjectInputStream.readObject0(ObjectInputStream.java:1744) ~[na:na]
	at java.base/java.io.ObjectInputStream.readObject(ObjectInputStream.java:514) ~[na:na]
	at java.base/java.io.ObjectInputStream.readObject(ObjectInputStream.java:472) ~[na:na]
	at org.apache.catalina.session.StandardSession.doReadObject(StandardSession.java:1415) ~[tomcat-embed-core-10.1.19.jar:10.1.19]
	at org.apache.catalina.session.StandardSession.readObjectData(StandardSession.java:985) ~[tomcat-embed-core-10.1.19.jar:10.1.19]
	at org.apache.catalina.session.StandardManager.doLoad(StandardManager.java:210) ~[tomcat-embed-core-10.1.19.jar:10.1.19]
	at org.apache.catalina.session.StandardManager.load(StandardManager.java:156) ~[tomcat-embed-core-10.1.19.jar:10.1.19]
	at org.apache.catalina.session.StandardManager.startInternal(StandardManager.java:346) ~[tomcat-embed-core-10.1.19.jar:10.1.19]
	at org.apache.catalina.util.LifecycleBase.start(LifecycleBase.java:171) ~[tomcat-embed-core-10.1.19.jar:10.1.19]
	at org.apache.catalina.core.StandardContext.startInternal(StandardContext.java:4893) ~[tomcat-embed-core-10.1.19.jar:10.1.19]
	at org.apache.catalina.util.LifecycleBase.start(LifecycleBase.java:171) ~[tomcat-embed-core-10.1.19.jar:10.1.19]
	at org.apache.catalina.core.ContainerBase$StartChild.call(ContainerBase.java:1332) ~[tomcat-embed-core-10.1.19.jar:10.1.19]
	at org.apache.catalina.core.ContainerBase$StartChild.call(ContainerBase.java:1322) ~[tomcat-embed-core-10.1.19.jar:10.1.19]
	at java.base/java.util.concurrent.FutureTask.run(FutureTask.java:264) ~[na:na]
	at org.apache.tomcat.util.threads.InlineExecutorService.execute(InlineExecutorService.java:75) ~[tomcat-embed-core-10.1.19.jar:10.1.19]
	at java.base/java.util.concurrent.AbstractExecutorService.submit(AbstractExecutorService.java:145) ~[na:na]
	at org.apache.catalina.core.ContainerBase.startInternal(ContainerBase.java:866) ~[tomcat-embed-core-10.1.19.jar:10.1.19]
	at org.apache.catalina.core.StandardHost.startInternal(StandardHost.java:845) ~[tomcat-embed-core-10.1.19.jar:10.1.19]
	at org.apache.catalina.util.LifecycleBase.start(LifecycleBase.java:171) ~[tomcat-embed-core-10.1.19.jar:10.1.19]
	at org.apache.catalina.core.ContainerBase$StartChild.call(ContainerBase.java:1332) ~[tomcat-embed-core-10.1.19.jar:10.1.19]
	at org.apache.catalina.core.ContainerBase$StartChild.call(ContainerBase.java:1322) ~[tomcat-embed-core-10.1.19.jar:10.1.19]
	at java.base/java.util.concurrent.FutureTask.run(FutureTask.java:264) ~[na:na]
	at org.apache.tomcat.util.threads.InlineExecutorService.execute(InlineExecutorService.java:75) ~[tomcat-embed-core-10.1.19.jar:10.1.19]
	at java.base/java.util.concurrent.AbstractExecutorService.submit(AbstractExecutorService.java:145) ~[na:na]
	at org.apache.catalina.core.ContainerBase.startInternal(ContainerBase.java:866) ~[tomcat-embed-core-10.1.19.jar:10.1.19]
	at org.apache.catalina.core.StandardEngine.startInternal(StandardEngine.java:240) ~[tomcat-embed-core-10.1.19.jar:10.1.19]
	at org.apache.catalina.util.LifecycleBase.start(LifecycleBase.java:171) ~[tomcat-embed-core-10.1.19.jar:10.1.19]
	at org.apache.catalina.core.StandardService.startInternal(StandardService.java:433) ~[tomcat-embed-core-10.1.19.jar:10.1.19]
	at org.apache.catalina.util.LifecycleBase.start(LifecycleBase.java:171) ~[tomcat-embed-core-10.1.19.jar:10.1.19]
	at org.apache.catalina.core.StandardServer.startInternal(StandardServer.java:921) ~[tomcat-embed-core-10.1.19.jar:10.1.19]
	at org.apache.catalina.util.LifecycleBase.start(LifecycleBase.java:171) ~[tomcat-embed-core-10.1.19.jar:10.1.19]
	at org.apache.catalina.startup.Tomcat.start(Tomcat.java:437) ~[tomcat-embed-core-10.1.19.jar:10.1.19]
	at org.springframework.boot.web.embedded.tomcat.TomcatWebServer.initialize(TomcatWebServer.java:126) ~[spring-boot-3.2.3.jar:3.2.3]
	at org.springframework.boot.web.embedded.tomcat.TomcatWebServer.<init>(TomcatWebServer.java:105) ~[spring-boot-3.2.3.jar:3.2.3]
	at org.springframework.boot.web.embedded.tomcat.TomcatServletWebServerFactory.getTomcatWebServer(TomcatServletWebServerFactory.java:499) ~[spring-boot-3.2.3.jar:3.2.3]
	at org.springframework.boot.web.embedded.tomcat.TomcatServletWebServerFactory.getWebServer(TomcatServletWebServerFactory.java:218) ~[spring-boot-3.2.3.jar:3.2.3]
	at org.springframework.boot.web.servlet.context.ServletWebServerApplicationContext.createWebServer(ServletWebServerApplicationContext.java:188) ~[spring-boot-3.2.3.jar:3.2.3]
	at org.springframework.boot.web.servlet.context.ServletWebServerApplicationContext.onRefresh(ServletWebServerApplicationContext.java:162) ~[spring-boot-3.2.3.jar:3.2.3]
	at org.springframework.context.support.AbstractApplicationContext.refresh(AbstractApplicationContext.java:618) ~[spring-context-6.1.4.jar:6.1.4]
	at org.springframework.boot.web.servlet.context.ServletWebServerApplicationContext.refresh(ServletWebServerApplicationContext.java:146) ~[spring-boot-3.2.3.jar:3.2.3]
	at org.springframework.boot.SpringApplication.refresh(SpringApplication.java:754) ~[spring-boot-3.2.3.jar:3.2.3]
	at org.springframework.boot.SpringApplication.refreshContext(SpringApplication.java:456) ~[spring-boot-3.2.3.jar:3.2.3]
	at org.springframework.boot.SpringApplication.run(SpringApplication.java:334) ~[spring-boot-3.2.3.jar:3.2.3]
	at org.springframework.boot.SpringApplication.run(SpringApplication.java:1354) ~[spring-boot-3.2.3.jar:3.2.3]
	at org.springframework.boot.SpringApplication.run(SpringApplication.java:1343) ~[spring-boot-3.2.3.jar:3.2.3]
	at kr.co.ch08.Ch08Application.main(Ch08Application.java:10) ~[main/:na]
	at java.base/jdk.internal.reflect.NativeMethodAccessorImpl.invoke0(Native Method) ~[na:na]
	at java.base/jdk.internal.reflect.NativeMethodAccessorImpl.invoke(NativeMethodAccessorImpl.java:77) ~[na:na]
	at java.base/jdk.internal.reflect.DelegatingMethodAccessorImpl.invoke(DelegatingMethodAccessorImpl.java:43) ~[na:na]
	at java.base/java.lang.reflect.Method.invoke(Method.java:568) ~[na:na]
	at org.springframework.boot.devtools.restart.RestartLauncher.run(RestartLauncher.java:50) ~[spring-boot-devtools-3.2.3.jar:3.2.3]

2024-03-15T17:38:18.175+09:00  INFO 10340 --- [ch08] [restartedMain] o.hibernate.jpa.internal.util.LogHelper  : HHH000204: Processing PersistenceUnitInfo [name: default]
2024-03-15T17:38:18.177+09:00  INFO 10340 --- [ch08] [restartedMain] o.h.c.internal.RegionFactoryInitiator    : HHH000026: Second-level cache disabled
2024-03-15T17:38:18.179+09:00  INFO 10340 --- [ch08] [restartedMain] o.s.o.j.p.SpringPersistenceUnitInfo      : No LoadTimeWeaver setup: ignoring JPA class transformer
2024-03-15T17:38:18.180+09:00  INFO 10340 --- [ch08] [restartedMain] com.zaxxer.hikari.HikariDataSource       : HikariPool-2 - Starting...
2024-03-15T17:38:18.186+09:00  INFO 10340 --- [ch08] [restartedMain] com.zaxxer.hikari.pool.HikariPool        : HikariPool-2 - Added connection com.mysql.cj.jdbc.ConnectionImpl@682be40d
2024-03-15T17:38:18.187+09:00  INFO 10340 --- [ch08] [restartedMain] com.zaxxer.hikari.HikariDataSource       : HikariPool-2 - Start completed.
2024-03-15T17:38:18.187+09:00  WARN 10340 --- [ch08] [restartedMain] org.hibernate.orm.deprecation            : HHH90000025: MySQLDialect does not need to be specified explicitly using 'hibernate.dialect' (remove the property setting and it will be selected by default)
2024-03-15T17:38:18.203+09:00  INFO 10340 --- [ch08] [restartedMain] o.h.e.t.j.p.i.JtaPlatformInitiator       : HHH000489: No JTA platform available (set 'hibernate.transaction.jta.platform' to enable JTA platform integration)
2024-03-15T17:38:18.208+09:00  INFO 10340 --- [ch08] [restartedMain] j.LocalContainerEntityManagerFactoryBean : Initialized JPA EntityManagerFactory for persistence unit 'default'
2024-03-15T17:38:18.238+09:00  WARN 10340 --- [ch08] [restartedMain] JpaBaseConfiguration$JpaWebConfiguration : spring.jpa.open-in-view is enabled by default. Therefore, database queries may be performed during view rendering. Explicitly configure spring.jpa.open-in-view to disable this warning
2024-03-15T17:38:18.242+09:00  INFO 10340 --- [ch08] [restartedMain] kr.co.ch08.security.SecurityConfig       : filterChain
2024-03-15T17:38:18.245+09:00  INFO 10340 --- [ch08] [restartedMain] o.s.b.a.w.s.WelcomePageHandlerMapping    : Adding welcome page template: index
2024-03-15T17:38:18.267+09:00  INFO 10340 --- [ch08] [restartedMain] o.s.s.web.DefaultSecurityFilterChain     : Will secure any request with [org.springframework.security.web.session.DisableEncodeUrlFilter@7087834b, org.springframework.security.web.context.request.async.WebAsyncManagerIntegrationFilter@199e9eea, org.springframework.security.web.context.SecurityContextHolderFilter@1cd556e7, org.springframework.security.web.header.HeaderWriterFilter@49233e30, org.springframework.web.filter.CorsFilter@44166aa3, org.springframework.security.web.authentication.logout.LogoutFilter@50bf2d97, org.springframework.security.web.authentication.UsernamePasswordAuthenticationFilter@1a6e63c2, org.springframework.security.web.savedrequest.RequestCacheAwareFilter@7327379d, org.springframework.security.web.servletapi.SecurityContextHolderAwareRequestFilter@36694780, org.springframework.security.web.authentication.AnonymousAuthenticationFilter@732f8229, org.springframework.security.web.access.ExceptionTranslationFilter@5da3150c, org.springframework.security.web.access.intercept.AuthorizationFilter@59fdce76]
2024-03-15T17:38:18.292+09:00  INFO 10340 --- [ch08] [restartedMain] o.s.b.d.a.OptionalLiveReloadServer       : LiveReload server is running on port 35729
2024-03-15T17:38:18.297+09:00  INFO 10340 --- [ch08] [restartedMain] o.s.b.w.embedded.tomcat.TomcatWebServer  : Tomcat started on port 8080 (http) with context path '/ch08'
2024-03-15T17:38:18.300+09:00  INFO 10340 --- [ch08] [restartedMain] kr.co.ch08.Ch08Application               : Started Ch08Application in 0.309 seconds (process running for 108.829)
2024-03-15T17:38:18.301+09:00  INFO 10340 --- [ch08] [restartedMain] .ConditionEvaluationDeltaLoggingListener : Condition evaluation unchanged
2024-03-15T17:38:21.438+09:00  INFO 10340 --- [ch08] [http-nio-8080-exec-1] o.a.c.c.C.[Tomcat].[localhost].[/ch08]   : Initializing Spring DispatcherServlet 'dispatcherServlet'
2024-03-15T17:38:21.438+09:00  INFO 10340 --- [ch08] [http-nio-8080-exec-1] o.s.web.servlet.DispatcherServlet        : Initializing Servlet 'dispatcherServlet'
2024-03-15T17:38:21.439+09:00  INFO 10340 --- [ch08] [http-nio-8080-exec-1] o.s.web.servlet.DispatcherServlet        : Completed initialization in 1 ms
2024-03-15T17:38:26.232+09:00  INFO 10340 --- [ch08] [http-nio-8080-exec-2] kr.co.ch08.controller.User1Controller    : login-Get
2024-03-15T17:38:32.093+09:00  INFO 10340 --- [ch08] [http-nio-8080-exec-3] k.co.ch08.security.SecurityUserService   : loadUserByUsername
2024-03-15T17:38:32.096+09:00  INFO 10340 --- [ch08] [http-nio-8080-exec-3] k.co.ch08.security.SecurityUserService   : MyUserDetails(user=User(uid=qqq111, pass=$2a$10$q3zPJ1oTbzHGsHS2vo4fNe.Z98Oq/NRUIwkcDxDqyVuIcCAocZAhu, name=홍길동, age=3, hp=010, role=ADMIN, regDate=2024-03-13T11:32:11.823870))
2024-03-15T17:38:32.155+09:00  INFO 10340 --- [ch08] [http-nio-8080-exec-3] kr.co.ch08.security.MyUserDetails        : getAuthorities
2024-03-15T17:38:32.158+09:00  INFO 10340 --- [ch08] [http-nio-8080-exec-4] kr.co.ch08.controller.User1Controller    : success-Get
2024-03-15T17:38:39.829+09:00  INFO 10340 --- [ch08] [http-nio-8080-exec-9] kr.co.ch08.controller.MainController     : adminIndex - get
2024-03-15T17:38:44.009+09:00  INFO 10340 --- [ch08] [http-nio-8080-exec-6] kr.co.ch08.controller.User1Controller    : success-Get
2024-03-15T17:39:37.544+09:00  INFO 10340 --- [ch08] [http-nio-8080-exec-5] kr.co.ch08.controller.User1Controller    : success-Get
2024-03-15T17:39:37.703+09:00  INFO 10340 --- [ch08] [http-nio-8080-exec-10] kr.co.ch08.controller.User1Controller    : login-Get
2024-03-15T17:39:39.264+09:00  INFO 10340 --- [ch08] [http-nio-8080-exec-1] kr.co.ch08.controller.User1Controller    : login-Get
2024-03-15T17:39:46.468+09:00  INFO 10340 --- [ch08] [http-nio-8080-exec-2] k.co.ch08.security.SecurityUserService   : loadUserByUsername
2024-03-15T17:39:46.471+09:00  INFO 10340 --- [ch08] [http-nio-8080-exec-2] k.co.ch08.security.SecurityUserService   : MyUserDetails(user=User(uid=qqq111, pass=$2a$10$q3zPJ1oTbzHGsHS2vo4fNe.Z98Oq/NRUIwkcDxDqyVuIcCAocZAhu, name=홍길동, age=3, hp=010, role=ADMIN, regDate=2024-03-13T11:32:11.823870))
2024-03-15T17:39:46.534+09:00  INFO 10340 --- [ch08] [http-nio-8080-exec-2] kr.co.ch08.security.MyUserDetails        : getAuthorities
2024-03-15T17:39:46.537+09:00  INFO 10340 --- [ch08] [http-nio-8080-exec-3] kr.co.ch08.controller.User1Controller    : success-Get
2024-03-15T17:42:00.533+09:00  INFO 10340 --- [ch08] [SpringApplicationShutdownHook] j.LocalContainerEntityManagerFactoryBean : Closing JPA EntityManagerFactory for persistence unit 'default'
2024-03-15T17:42:00.533+09:00  INFO 10340 --- [ch08] [SpringApplicationShutdownHook] com.zaxxer.hikari.HikariDataSource       : HikariPool-2 - Shutdown initiated...
2024-03-15T17:42:00.539+09:00  INFO 10340 --- [ch08] [SpringApplicationShutdownHook] com.zaxxer.hikari.HikariDataSource       : HikariPool-2 - Shutdown completed.
